=/pretest.json
{
  _: [],
  f: [
    '/home/runner/work/exp-infinite-dilution-activity-coefficients-idacs-of-a-binarymixture-using-ebulliometer-iitb/exp-infinite-dilution-activity-coefficients-idacs-of-a-binarymixture-using-ebulliometer-iitb/experiment/pretest.json'
  ],
  files: [
    '/home/runner/work/exp-infinite-dilution-activity-coefficients-idacs-of-a-binarymixture-using-ebulliometer-iitb/exp-infinite-dilution-activity-coefficients-idacs-of-a-binarymixture-using-ebulliometer-iitb/experiment/pretest.json'
  ],
  c: 'assessment',
  contentTypes: 'assessment',
  'content-types': 'assessment',
  '$0': 'validate'
}
Validated true
=/posttest.json
{
  _: [],
  f: [
    '/home/runner/work/exp-infinite-dilution-activity-coefficients-idacs-of-a-binarymixture-using-ebulliometer-iitb/exp-infinite-dilution-activity-coefficients-idacs-of-a-binarymixture-using-ebulliometer-iitb/experiment/posttest.json'
  ],
  files: [
    '/home/runner/work/exp-infinite-dilution-activity-coefficients-idacs-of-a-binarymixture-using-ebulliometer-iitb/exp-infinite-dilution-activity-coefficients-idacs-of-a-binarymixture-using-ebulliometer-iitb/experiment/posttest.json'
  ],
  c: 'assessment',
  contentTypes: 'assessment',
  'content-types': 'assessment',
  '$0': 'validate'
}
Validated true
