
/home/runner/work/exp-infinite-dilution-activity-coefficients-idacs-of-a-binarymixture-using-ebulliometer-iitb/exp-infinite-dilution-activity-coefficients-idacs-of-a-binarymixture-using-ebulliometer-iitb/experiment/simulation/js/activity1.js
    8:14   warning  'Pannel' is not defined                                no-undef
   14:10   warning  'start_act1' is defined but never used                 no-unused-vars
   21:10   warning  'move_to_activity3' is defined but never used          no-unused-vars
   33:5    warning  'global_score' is assigned a value but never used      no-unused-vars
   34:5    warning  'a1_panel' is defined but never used                   no-unused-vars
   35:5    warning  'all_text_content' is assigned a value but never used  no-unused-vars
   36:5    warning  'canvas_box_scale' is already defined                  no-redeclare
   36:5    warning  'canvas_box_scale' is assigned a value but never used  no-unused-vars
   39:5    warning  'a1_scene' is defined but never used                   no-unused-vars
   46:5    warning  'display_score' is defined but never used              no-unused-vars
   47:5    warning  'timer1' is assigned a value but never used            no-unused-vars
   62:17   warning  'Scene' is not defined                                 no-undef
   67:27   warning  'bootstrap' is not defined                             no-undef
  105:18   warning  'Chemistry' is not defined                             no-undef
  105:42   warning  'dimmer_stat' is not defined                           no-undef
  105:59   warning  'Chemistry' is not defined                             no-undef
  108:9    warning  'sq' is already defined                                no-redeclare
  108:18   warning  'Chemistry' is not defined                             no-undef
  108:42   warning  'heating_tap' is not defined                           no-undef
  108:59   warning  'Chemistry' is not defined                             no-undef
  111:9    warning  'sq' is already defined                                no-redeclare
  111:18   warning  'Chemistry' is not defined                             no-undef
  111:42   warning  'tank' is not defined                                  no-undef
  111:52   warning  'Chemistry' is not defined                             no-undef
  114:9    warning  'sq' is already defined                                no-redeclare
  114:18   warning  'Chemistry' is not defined                             no-undef
  114:42   warning  'connector' is not defined                             no-undef
  114:57   warning  'Chemistry' is not defined                             no-undef
  117:9    warning  'sq' is already defined                                no-redeclare
  117:18   warning  'Chemistry' is not defined                             no-undef
  117:42   warning  'temperature_indicator' is not defined                 no-undef
  117:69   warning  'Chemistry' is not defined                             no-undef
  120:9    warning  'sq' is already defined                                no-redeclare
  120:18   warning  'Chemistry' is not defined                             no-undef
  120:42   warning  'diff_ebull' is not defined                            no-undef
  120:58   warning  'Chemistry' is not defined                             no-undef
  149:25   warning  'Chemistry' is not defined                             no-undef
  149:50   warning  'Chemistry' is not defined                             no-undef
  160:10   warning  'dimmer_stat' is not defined                           no-undef
  160:23   warning  'dimmer_stat' is not defined                           no-undef
  161:10   warning  'heating_tap' is not defined                           no-undef
  161:23   warning  'heating_tap' is not defined                           no-undef
  162:10   warning  'tank' is not defined                                  no-undef
  162:16   warning  'tank' is not defined                                  no-undef
  163:10   warning  'connector' is not defined                             no-undef
  163:21   warning  'connector' is not defined                             no-undef
  164:10   warning  'temperature_indicator' is not defined                 no-undef
  164:33   warning  'temperature_indicator' is not defined                 no-undef
  165:10   warning  'diff_ebull' is not defined                            no-undef
  165:22   warning  'diff_ebull' is not defined                            no-undef
  168:13   warning  'Chemistry' is not defined                             no-undef
  168:47   warning  'Chemistry' is not defined                             no-undef
  169:13   warning  'Chemistry' is not defined                             no-undef
  169:47   warning  'Chemistry' is not defined                             no-undef
  170:13   warning  'Chemistry' is not defined                             no-undef
  170:43   warning  'Chemistry' is not defined                             no-undef
  171:13   warning  'Chemistry' is not defined                             no-undef
  171:45   warning  'Chemistry' is not defined                             no-undef
  172:13   warning  'Chemistry' is not defined                             no-undef
  172:57   warning  'Chemistry' is not defined                             no-undef
  173:13   warning  'Chemistry' is not defined                             no-undef
  173:46   warning  'Chemistry' is not defined                             no-undef
  178:12   warning  Unexpected constant condition                          no-constant-condition
  200:49   warning  'Chemistry' is not defined                             no-undef
  203:39   warning  'bootstrap' is not defined                             no-undef
  235:30   warning  'Chemistry' is not defined                             no-undef
  235:73   warning  'Chemistry' is not defined                             no-undef
  263:13   warning  'bsOffcanvas' is already defined                       no-redeclare
  263:31   warning  'bootstrap' is not defined                             no-undef
  265:30   warning  'Chemistry' is not defined                             no-undef
  265:118  warning  'Chemistry' is not defined                             no-undef

/home/runner/work/exp-infinite-dilution-activity-coefficients-idacs-of-a-binarymixture-using-ebulliometer-iitb/exp-infinite-dilution-activity-coefficients-idacs-of-a-binarymixture-using-ebulliometer-iitb/experiment/simulation/js/activity3.js
    1:5   warning  'obtable_verified' is assigned a value but never used  no-unused-vars
   12:10  warning  'activity3' is defined but never used                  no-unused-vars
   13:5   warning  'pp' is not defined                                    no-undef
   15:5   warning  'pp' is not defined                                    no-undef
   16:5   warning  'pp' is not defined                                    no-undef
   17:5   warning  'pp' is not defined                                    no-undef
   54:5   warning  'pp' is not defined                                    no-undef
   57:10  warning  'set_values' is defined but never used                 no-unused-vars
   58:5   warning  'pp' is not defined                                    no-undef
   62:27  warning  'bootstrap' is not defined                             no-undef
   75:26  warning  'd_set' is not defined                                 no-undef
   81:40  warning  'd_set' is not defined                                 no-undef
   81:57  warning  'd_set' is not defined                                 no-undef
   85:26  warning  'length_set' is not defined                            no-undef
   91:40  warning  'length_set' is not defined                            no-undef
   91:62  warning  'length_set' is not defined                            no-undef
   95:26  warning  'metal_set' is not defined                             no-undef
  101:40  warning  'metal_set' is not defined                             no-undef
  101:61  warning  'metal_set' is not defined                             no-undef
  106:10  warning  'add_area_field' is defined but never used             no-unused-vars
  108:5   warning  'pp' is not defined                                    no-undef
  112:5   warning  'metal' is not defined                                 no-undef
  114:5   warning  'ht_length' is not defined                             no-undef
  115:5   warning  'diameter' is not defined                              no-undef
  116:5   warning  'cs_area' is not defined                               no-undef
  117:27  warning  'diameter' is not defined                              no-undef
  118:17  warning  'diameter' is not defined                              no-undef
  118:27  warning  'ht_length' is not defined                             no-undef
  118:38  warning  'diameter' is not defined                              no-undef
  126:53  warning  'cs_area' is not defined                               no-undef

/home/runner/work/exp-infinite-dilution-activity-coefficients-idacs-of-a-binarymixture-using-ebulliometer-iitb/exp-infinite-dilution-activity-coefficients-idacs-of-a-binarymixture-using-ebulliometer-iitb/experiment/simulation/js/activity4.js
   34:10  warning  'activity4' is defined but never used         no-unused-vars
   35:5   warning  'pp' is not defined                           no-undef
   36:5   warning  'pp' is not defined                           no-undef
   43:5   warning  'pp' is not defined                           no-undef
   44:5   warning  'pp' is not defined                           no-undef
   45:5   warning  'pp' is not defined                           no-undef
   47:5   warning  'pp' is not defined                           no-undef
   48:5   warning  'pp' is not defined                           no-undef
   51:10  warning  'complete_tab1' is defined but never used     no-unused-vars
   54:5   warning  'close_offcanvas' is not defined              no-undef
   56:5   warning  'pp' is not defined                           no-undef
   58:25  warning  'table_1' is not defined                      no-undef
   60:20  warning  'std_deviation' is not defined                no-undef
   60:34  warning  'table_1' is not defined                      no-undef
   61:20  warning  'std_deviation' is not defined                no-undef
   61:34  warning  'table_1' is not defined                      no-undef
   62:20  warning  'std_deviation' is not defined                no-undef
   62:34  warning  'table_1' is not defined                      no-undef
   63:20  warning  'std_deviation' is not defined                no-undef
   63:34  warning  'table_1' is not defined                      no-undef
   64:9   warning  Unnecessary semicolon                         no-extra-semi
   66:20  warning  'table_1' is not defined                      no-undef
   67:20  warning  'table_1' is not defined                      no-undef
   68:20  warning  'table_1' is not defined                      no-undef
   69:20  warning  'table_1' is not defined                      no-undef
   71:9   warning  'table_1' is not defined                      no-undef
   72:9   warning  'table_1' is not defined                      no-undef
   73:9   warning  'table_1' is not defined                      no-undef
   74:9   warning  'table_1' is not defined                      no-undef
   85:10  warning  'act4_verify_tab1' is defined but never used  no-unused-vars
   90:10  warning  'verify_values' is not defined                no-undef
   90:48  warning  'table_1' is not defined                      no-undef
   94:10  warning  'verify_values' is not defined                no-undef
   94:48  warning  'table_1' is not defined                      no-undef
   98:10  warning  'verify_values' is not defined                no-undef
   98:48  warning  'table_1' is not defined                      no-undef
  102:10  warning  'verify_values' is not defined                no-undef
  102:48  warning  'table_1' is not defined                      no-undef
  107:5   warning  'pp' is not defined                           no-undef
  108:5   warning  'pp' is not defined                           no-undef
  109:5   warning  'trigger_offcavnas' is not defined            no-undef

/home/runner/work/exp-infinite-dilution-activity-coefficients-idacs-of-a-binarymixture-using-ebulliometer-iitb/exp-infinite-dilution-activity-coefficients-idacs-of-a-binarymixture-using-ebulliometer-iitb/experiment/simulation/js/activity5.js
    1:5   warning  'main_table_element' is assigned a value but never used            no-unused-vars
    2:5   warning  'delta_h_values' is assigned a value but never used                no-unused-vars
    8:25  warning  'main_table_data' is not defined                                   no-undef
    9:9   warning  'main_table_data' is not defined                                   no-undef
    9:44  warning  'std_deviation' is not defined                                     no-undef
    9:58  warning  'main_table_data' is not defined                                   no-undef
   10:9   warning  'main_table_data' is not defined                                   no-undef
   10:33  warning  'std_deviation' is not defined                                     no-undef
   10:47  warning  'main_table_data' is not defined                                   no-undef
   15:5   warning  'act5_plot_btn' is assigned a value but never used                 no-unused-vars
   34:17  warning  'main_table_data' is not defined                                   no-undef
   36:17  warning  'main_table_data' is not defined                                   no-undef
   73:10  warning  'activity5' is defined but never used                              no-unused-vars
   74:5   warning  'pp' is not defined                                                no-undef
   75:5   warning  'pp' is not defined                                                no-undef
   76:5   warning  'pp' is not defined                                                no-undef
   77:5   warning  'pp' is not defined                                                no-undef
   79:5   warning  'pp' is not defined                                                no-undef
   80:5   warning  'pp' is not defined                                                no-undef
   83:5   warning  'pp' is not defined                                                no-undef
   84:5   warning  'pp' is not defined                                                no-undef
   92:10  warning  'act5_show_values' is defined but never used                       no-unused-vars
  107:5   warning  'pp' is not defined                                                no-undef
  108:5   warning  'pp' is not defined                                                no-undef
  110:5   warning  'all_properties_without_table' is assigned a value but never used  no-unused-vars
  114:26  warning  'diameter' is not defined                                          no-undef
  116:26  warning  'ht_length' is not defined                                         no-undef
  123:26  warning  'metal' is not defined                                             no-undef
  125:26  warning  'cs_area' is not defined                                           no-undef
  132:26  warning  'density' is not defined                                           no-undef
  134:26  warning  'cp' is not defined                                                no-undef
  150:10  warning  'table_calculations' is defined but never used                     no-unused-vars
  151:5   warning  'pp' is not defined                                                no-undef
  152:5   warning  'pp' is not defined                                                no-undef
  153:5   warning  'pp' is not defined                                                no-undef
  154:5   warning  'pp' is not defined                                                no-undef
  155:5   warning  'pp' is not defined                                                no-undef
  156:5   warning  'pp' is not defined                                                no-undef
  159:10  warning  'act5_verify_obtable' is defined but never used                    no-unused-vars
  167:10  warning  'verify_values' is not defined                                     no-undef
  167:48  warning  'main_table_data' is not defined                                   no-undef
  171:10  warning  'verify_values' is not defined                                     no-undef
  171:48  warning  'main_table_data' is not defined                                   no-undef
  175:10  warning  'verify_values' is not defined                                     no-undef
  175:48  warning  'main_table_data' is not defined                                   no-undef
  179:10  warning  'verify_values' is not defined                                     no-undef
  179:48  warning  'main_table_data' is not defined                                   no-undef
  183:10  warning  'verify_values' is not defined                                     no-undef
  183:48  warning  'main_table_data' is not defined                                   no-undef
  187:5   warning  'pp' is not defined                                                no-undef
  188:27  warning  'bootstrap' is not defined                                         no-undef
  191:10  warning  'complete_main_table' is defined but never used                    no-unused-vars
  193:5   warning  'pp' is not defined                                                no-undef
  194:5   warning  'pp' is not defined                                                no-undef
  203:9   warning  'main_table_data' is not defined                                   no-undef
  203:50  warning  'main_table_data' is not defined                                   no-undef
  204:9   warning  'main_table_data' is not defined                                   no-undef
  204:33  warning  'main_table_data' is not defined                                   no-undef
  205:9   warning  'main_table_data' is not defined                                   no-undef
  205:37  warning  'main_table_data' is not defined                                   no-undef
  206:9   warning  'main_table_data' is not defined                                   no-undef
  206:42  warning  'main_table_data' is not defined                                   no-undef
  207:9   warning  'main_table_data' is not defined                                   no-undef
  207:33  warning  'main_table_data' is not defined                                   no-undef
  207:57  warning  'main_table_data' is not defined                                   no-undef
  211:15  warning  'main_table_data' is not defined                                   no-undef
  212:15  warning  'main_table_data' is not defined                                   no-undef
  213:15  warning  'main_table_data' is not defined                                   no-undef
  214:15  warning  'main_table_data' is not defined                                   no-undef
  215:15  warning  'main_table_data' is not defined                                   no-undef
  216:16  warning  'main_table_data' is not defined                                   no-undef
  217:16  warning  'main_table_data' is not defined                                   no-undef
  221:17  warning  'main_table_data' is not defined                                   no-undef
  227:25  warning  'main_table_data' is not defined                                   no-undef
  228:17  warning  'main_table_data' is not defined                                   no-undef
  229:17  warning  'main_table_data' is not defined                                   no-undef
  230:16  warning  'main_table_data' is not defined                                   no-undef
  232:15  warning  'regression_linear_2variable' is not defined                       no-undef
  238:5   warning  'pp' is not defined                                                no-undef
  239:5   warning  'pp' is not defined                                                no-undef
  240:5   warning  'pp' is not defined                                                no-undef
  242:10  warning  'draw_chart' is defined but never used                             no-unused-vars
  244:5   warning  'pp' is not defined                                                no-undef
  245:5   warning  'pp' is not defined                                                no-undef
  246:25  warning  'main_table_data' is not defined                                   no-undef
  247:20  warning  'main_table_data' is not defined                                   no-undef
  248:19  warning  'main_table_data' is not defined                                   no-undef
  263:21  warning  'Chart' is not defined                                             no-undef
  324:11  warning  'regression_linear' is not defined                                 no-undef

/home/runner/work/exp-infinite-dilution-activity-coefficients-idacs-of-a-binarymixture-using-ebulliometer-iitb/exp-infinite-dilution-activity-coefficients-idacs-of-a-binarymixture-using-ebulliometer-iitb/experiment/simulation/js/activity6.js
  18:11  warning  'table_3' is not defined                       no-undef
  26:10  warning  'activity6' is defined but never used          no-unused-vars
  27:5   warning  'pp' is not defined                            no-undef
  28:5   warning  'pp' is not defined                            no-undef
  29:5   warning  'pp' is not defined                            no-undef
  30:5   warning  'pp' is not defined                            no-undef
  31:5   warning  'pp' is not defined                            no-undef
  36:5   warning  'pp' is not defined                            no-undef
  38:5   warning  'pp' is not defined                            no-undef
  40:10  warning  'verify_avg_values' is defined but never used  no-unused-vars
  44:10  warning  'verify_values' is not defined                 no-undef
  44:48  warning  'table_3' is not defined                       no-undef
  48:5   warning  'pp' is not defined                            no-undef
  49:5   warning  'pp' is not defined                            no-undef
  58:25  warning  'main_table_data' is not defined               no-undef
  59:29  warning  'main_table_data' is not defined               no-undef
  67:5   warning  'close_offcanvas' is not defined               no-undef
  69:5   warning  'pp' is not defined                            no-undef
  70:5   warning  'pp' is not defined                            no-undef
  71:25  warning  'table_3' is not defined                       no-undef
  73:20  warning  'table_3' is not defined                       no-undef
  74:20  warning  'std_deviation' is not defined                 no-undef
  74:34  warning  'table_3' is not defined                       no-undef
  76:20  warning  'table_3' is not defined                       no-undef
  78:9   warning  'table_3' is not defined                       no-undef

/home/runner/work/exp-infinite-dilution-activity-coefficients-idacs-of-a-binarymixture-using-ebulliometer-iitb/exp-infinite-dilution-activity-coefficients-idacs-of-a-binarymixture-using-ebulliometer-iitb/experiment/simulation/js/common.js
   1:10  warning  'verify_values' is defined but never used                no-unused-vars
  21:10  warning  'std_deviation' is defined but never used                no-unused-vars
  26:10  warning  'regression_linear' is defined but never used            no-unused-vars
  43:10  warning  'ascending_random_array' is defined but never used       no-unused-vars
  45:12  warning  Unexpected constant condition                            no-constant-condition
  62:10  warning  'regression_linear_2variable' is defined but never used  no-unused-vars

/home/runner/work/exp-infinite-dilution-activity-coefficients-idacs-of-a-binarymixture-using-ebulliometer-iitb/exp-infinite-dilution-activity-coefficients-idacs-of-a-binarymixture-using-ebulliometer-iitb/experiment/simulation/js/data.js
   1:5  warning  'table_1' is assigned a value but never used          no-unused-vars
   7:5  warning  'main_table_data' is assigned a value but never used  no-unused-vars
  15:5  warning  'table_3' is assigned a value but never used          no-unused-vars
  21:5  warning  'd_set' is assigned a value but never used            no-unused-vars
  22:5  warning  'length_set' is assigned a value but never used       no-unused-vars
  23:5  warning  'metal_set' is assigned a value but never used        no-unused-vars
  24:5  warning  'diameter' is defined but never used                  no-unused-vars
  25:5  warning  'ht_length' is defined but never used                 no-unused-vars
  26:5  warning  'metal' is defined but never used                     no-unused-vars
  27:5  warning  'cs_area' is defined but never used                   no-unused-vars
  28:5  warning  'density' is assigned a value but never used          no-unused-vars
  29:5  warning  'cp' is assigned a value but never used               no-unused-vars

/home/runner/work/exp-infinite-dilution-activity-coefficients-idacs-of-a-binarymixture-using-ebulliometer-iitb/exp-infinite-dilution-activity-coefficients-idacs-of-a-binarymixture-using-ebulliometer-iitb/experiment/simulation/js/dummy.js
  2:14  warning  'Pannel' is not defined  no-undef

/home/runner/work/exp-infinite-dilution-activity-coefficients-idacs-of-a-binarymixture-using-ebulliometer-iitb/exp-infinite-dilution-activity-coefficients-idacs-of-a-binarymixture-using-ebulliometer-iitb/experiment/simulation/js/geomerty.js
   33:49   warning  'lscale' is not defined          no-undef
   34:49   warning  'lscale' is not defined          no-undef
   46:23   warning  'pt1' is defined but never used  no-unused-vars
   46:28   warning  'pt2' is defined but never used  no-unused-vars
   46:33   warning  'pt3' is defined but never used  no-unused-vars
   50:24   warning  'geo' is defined but never used  no-unused-vars
   69:44   warning  'lscale' is not defined          no-undef
   69:66   warning  'lscale' is not defined          no-undef
   69:88   warning  'lscale' is not defined          no-undef
   82:48   warning  'lscale' is not defined          no-undef
   83:48   warning  'lscale' is not defined          no-undef
  108:47   warning  'lscale' is not defined          no-undef
  108:69   warning  'lscale' is not defined          no-undef
  109:60   warning  'lscale' is not defined          no-undef
  109:95   warning  'lscale' is not defined          no-undef
  131:39   warning  'lscale' is not defined          no-undef
  131:57   warning  'lscale' is not defined          no-undef
  132:39   warning  'lscale' is not defined          no-undef
  132:57   warning  'lscale' is not defined          no-undef
  181:39   warning  'lscale' is not defined          no-undef
  181:57   warning  'lscale' is not defined          no-undef
  182:39   warning  'lscale' is not defined          no-undef
  182:57   warning  'lscale' is not defined          no-undef
  225:33   warning  'lscale' is not defined          no-undef
  226:33   warning  'lscale' is not defined          no-undef
  274:50   warning  'lscale' is not defined          no-undef
  274:72   warning  'lscale' is not defined          no-undef
  279:61   warning  'lscale' is not defined          no-undef
  279:84   warning  'lscale' is not defined          no-undef
  279:102  warning  'lscale' is not defined          no-undef
  279:120  warning  'lscale' is not defined          no-undef
  293:33   warning  'lscale' is not defined          no-undef
  294:33   warning  'lscale' is not defined          no-undef
  295:41   warning  'lscale' is not defined          no-undef
  295:64   warning  'lscale' is not defined          no-undef
  295:98   warning  'lscale' is not defined          no-undef
  295:121  warning  'lscale' is not defined          no-undef
  296:45   warning  'lscale' is not defined          no-undef
  296:68   warning  'lscale' is not defined          no-undef
  296:102  warning  'lscale' is not defined          no-undef
  296:125  warning  'lscale' is not defined          no-undef
  323:61   warning  'lscale' is not defined          no-undef
  323:90   warning  'lscale' is not defined          no-undef
  324:61   warning  'lscale' is not defined          no-undef
  324:96   warning  'lscale' is not defined          no-undef
  325:66   warning  'lscale' is not defined          no-undef
  325:101  warning  'lscale' is not defined          no-undef
  326:66   warning  'lscale' is not defined          no-undef
  326:100  warning  'lscale' is not defined          no-undef
  327:67   warning  'lscale' is not defined          no-undef
  327:101  warning  'lscale' is not defined          no-undef
  328:67   warning  'lscale' is not defined          no-undef
  328:96   warning  'lscale' is not defined          no-undef
  329:61   warning  'lscale' is not defined          no-undef
  329:90   warning  'lscale' is not defined          no-undef
  346:33   warning  'lscale' is not defined          no-undef
  347:33   warning  'lscale' is not defined          no-undef
  376:46   warning  'lscale' is not defined          no-undef
  382:50   warning  'lscale' is not defined          no-undef
  382:72   warning  'lscale' is not defined          no-undef
  411:52   warning  'lscale' is not defined          no-undef
  411:79   warning  'lscale' is not defined          no-undef
  413:56   warning  'lscale' is not defined          no-undef
  413:83   warning  'lscale' is not defined          no-undef
  450:50   warning  'lscale' is not defined          no-undef
  450:72   warning  'lscale' is not defined          no-undef
  456:61   warning  'lscale' is not defined          no-undef
  456:84   warning  'lscale' is not defined          no-undef
  456:102  warning  'lscale' is not defined          no-undef
  456:120  warning  'lscale' is not defined          no-undef
  470:33   warning  'lscale' is not defined          no-undef
  471:33   warning  'lscale' is not defined          no-undef
  472:41   warning  'lscale' is not defined          no-undef
  472:64   warning  'lscale' is not defined          no-undef
  472:98   warning  'lscale' is not defined          no-undef
  472:121  warning  'lscale' is not defined          no-undef
  473:45   warning  'lscale' is not defined          no-undef
  473:68   warning  'lscale' is not defined          no-undef
  473:102  warning  'lscale' is not defined          no-undef
  473:125  warning  'lscale' is not defined          no-undef
  502:50   warning  'lscale' is not defined          no-undef
  502:72   warning  'lscale' is not defined          no-undef
  507:139  warning  'lscale' is not defined          no-undef
  507:172  warning  'lscale' is not defined          no-undef
  507:205  warning  'lscale' is not defined          no-undef
  507:225  warning  'lscale' is not defined          no-undef
  528:50   warning  'lscale' is not defined          no-undef
  528:72   warning  'lscale' is not defined          no-undef
  533:139  warning  'lscale' is not defined          no-undef
  533:172  warning  'lscale' is not defined          no-undef
  533:205  warning  'lscale' is not defined          no-undef
  533:225  warning  'lscale' is not defined          no-undef
  555:50   warning  'lscale' is not defined          no-undef
  555:72   warning  'lscale' is not defined          no-undef
  560:133  warning  'lscale' is not defined          no-undef
  560:172  warning  'lscale' is not defined          no-undef
  560:205  warning  'lscale' is not defined          no-undef
  560:224  warning  'lscale' is not defined          no-undef
  584:39   warning  'lscale' is not defined          no-undef
  584:53   warning  'lscale' is not defined          no-undef
  585:39   warning  'lscale' is not defined          no-undef
  585:53   warning  'lscale' is not defined          no-undef
  586:39   warning  'lscale' is not defined          no-undef
  586:53   warning  'lscale' is not defined          no-undef
  587:39   warning  'lscale' is not defined          no-undef
  587:53   warning  'lscale' is not defined          no-undef
  594:36   warning  'lscale' is not defined          no-undef
  594:50   warning  'lscale' is not defined          no-undef
  594:63   warning  'lscale' is not defined          no-undef
  605:36   warning  'lscale' is not defined          no-undef
  605:50   warning  'lscale' is not defined          no-undef
  605:63   warning  'lscale' is not defined          no-undef
  632:46   warning  'lscale' is not defined          no-undef
  637:50   warning  'lscale' is not defined          no-undef
  637:72   warning  'lscale' is not defined          no-undef
  659:50   warning  'lscale' is not defined          no-undef
  659:72   warning  'lscale' is not defined          no-undef
  663:46   warning  'lscale' is not defined          no-undef
  664:46   warning  'lscale' is not defined          no-undef
  664:67   warning  'lscale' is not defined          no-undef
  665:49   warning  'lscale' is not defined          no-undef
  702:50   warning  'lscale' is not defined          no-undef
  702:72   warning  'lscale' is not defined          no-undef
  718:38   warning  'lscale' is not defined          no-undef
  718:51   warning  'lscale' is not defined          no-undef
  720:38   warning  'lscale' is not defined          no-undef
  722:38   warning  'lscale' is not defined          no-undef
  722:52   warning  'lscale' is not defined          no-undef

/home/runner/work/exp-infinite-dilution-activity-coefficients-idacs-of-a-binarymixture-using-ebulliometer-iitb/exp-infinite-dilution-activity-coefficients-idacs-of-a-binarymixture-using-ebulliometer-iitb/experiment/simulation/js/pannel.js
  8:7  warning  'Pannel' is defined but never used  no-unused-vars

/home/runner/work/exp-infinite-dilution-activity-coefficients-idacs-of-a-binarymixture-using-ebulliometer-iitb/exp-infinite-dilution-activity-coefficients-idacs-of-a-binarymixture-using-ebulliometer-iitb/experiment/simulation/js/scene.js
   1:7    warning  'Scene' is defined but never used         no-unused-vars
  11:9    warning  'context' is not defined                  no-undef
  11:33   warning  'canvas' is not defined                   no-undef
  11:47   warning  'canvas' is not defined                   no-undef
  27:5    warning  'context' is not defined                  no-undef
  28:9    warning  'grd' is assigned a value but never used  no-unused-vars
  28:15   warning  'context' is not defined                  no-undef
  28:44   warning  'canvas' is not defined                   no-undef
  28:62   warning  'canvas' is not defined                   no-undef
  28:84   warning  'canvas' is not defined                   no-undef
  28:102  warning  'canvas' is not defined                   no-undef
  28:121  warning  'canvas' is not defined                   no-undef
  36:5    warning  'context' is not defined                  no-undef
  37:5    warning  'context' is not defined                  no-undef
  37:28   warning  'canvas' is not defined                   no-undef
  37:42   warning  'canvas' is not defined                   no-undef
  38:5    warning  'context' is not defined                  no-undef
  39:5    warning  'context' is not defined                  no-undef

/home/runner/work/exp-infinite-dilution-activity-coefficients-idacs-of-a-binarymixture-using-ebulliometer-iitb/exp-infinite-dilution-activity-coefficients-idacs-of-a-binarymixture-using-ebulliometer-iitb/experiment/simulation/js/test.js
  2:14  warning  'Pannel' is not defined                     no-undef
  4:5   warning  'table' is assigned a value but never used  no-unused-vars

✖ 424 problems (0 errors, 424 warnings)
  0 errors and 1 warning potentially fixable with the `--fix` option.

